{
    "KeyMetadata": {
        "AWSAccountId": "111111111111",
        "KeyId": "a0d5c29e-e03d-4e16-8f52-26818ea435d9",
        "Arn": "arn:aws:kms:us-east-1:111111111111:key/a0d5c29e-e03d-4e16-8f52-26818ea435d9",
        "CreationDate": "2022-01-05T11:16:56.656000-03:00",
        "Enabled": true,
        "Description": "",
        "KeyUsage": "ENCRYPT_DECRYPT",
        "KeyState": "Enabled",
        "Origin": "AWS_KMS",
        "KeyManager": "CUSTOMER",
        "CustomerMasterKeySpec": "SYMMETRIC_DEFAULT",
        "KeySpec": "SYMMETRIC_DEFAULT",
        "EncryptionAlgorithms": [
            "SYMMETRIC_DEFAULT"
        ],
        "MultiRegion": false
    }
}
